2019-01-31T02:27:21.333Z - normal: Load ~/.CocosCreator/settings.json
2019-01-31T02:27:22.441Z - normal: Initializing Asset Database
2019-01-31T02:27:22.458Z - normal: checking language setting...
2019-01-31T02:27:22.458Z - normal: Language: zh
2019-01-31T02:27:23.012Z - success: preview server running at http://localhost:7457
2019-01-31T02:27:23.013Z - success: protocol editor-framework registered
2019-01-31T02:27:23.013Z - success: protocol app registered
2019-01-31T02:27:23.013Z - success: protocol theme registered
2019-01-31T02:27:23.013Z - success: protocol packages registered
2019-01-31T02:27:23.013Z - success: protocol uuid registerred
2019-01-31T02:27:23.013Z - success: protocol db registerred
2019-01-31T02:27:23.013Z - success: protocol thumbnail registerred
2019-01-31T02:27:23.013Z - success: protocol unpack registerred
2019-01-31T02:27:23.013Z - success: protocol disable-commonjs registerred
2019-01-31T02:27:23.183Z - normal: connected!
2019-01-31T02:27:23.184Z - normal: Check project D:\WxOpenDataContext
2019-01-31T02:27:23.185Z - normal: Initializing project D:\WxOpenDataContext
2019-01-31T02:27:23.751Z - normal: Initializing Cocos2d
2019-01-31T02:27:24.328Z - normal: Initializing engine extends
2019-01-31T02:27:24.331Z - normal: Loading editor/builtin packages from D:\CocosCreator\resources\app.asar\editor\builtin
2019-01-31T02:27:24.434Z - success: assets loaded
2019-01-31T02:27:24.436Z - success: builder loaded
2019-01-31T02:27:24.647Z - success: cocos-services loaded
2019-01-31T02:27:24.651Z - success: console loaded
2019-01-31T02:27:24.680Z - success: fb-instant-games loaded
2019-01-31T02:27:24.682Z - success: google-instant-games loaded
2019-01-31T02:27:24.686Z - success: hierarchy loaded
2019-01-31T02:27:24.689Z - success: inspector loaded
2019-01-31T02:27:24.690Z - success: keystore loaded
2019-01-31T02:27:24.692Z - success: node-library loaded
2019-01-31T02:27:24.695Z - success: package-asset loaded
2019-01-31T02:27:24.696Z - success: preferences loaded
2019-01-31T02:27:24.697Z - success: project-exporter loaded
2019-01-31T02:27:24.698Z - success: project-importer loaded
2019-01-31T02:27:24.699Z - success: project-settings loaded
2019-01-31T02:27:24.701Z - success: ui-kit loaded
2019-01-31T02:27:24.704Z - success: scene loaded
2019-01-31T02:27:24.706Z - success: simulator-debugger loaded
2019-01-31T02:27:24.708Z - success: sprite-editor loaded
2019-01-31T02:27:24.713Z - success: store loaded
2019-01-31T02:27:24.716Z - success: timeline loaded
2019-01-31T02:27:24.716Z - normal: Loading builtin packages from D:\CocosCreator\resources\builtin
2019-01-31T02:27:24.719Z - success: asset-db-debugger loaded
2019-01-31T02:27:24.720Z - success: code-editor loaded
2019-01-31T02:27:24.721Z - success: color-picker loaded
2019-01-31T02:27:24.788Z - success: fb-audience-network loaded
2019-01-31T02:27:24.792Z - success: fb-live-stream loaded
2019-01-31T02:27:24.795Z - success: google-play-instant loaded
2019-01-31T02:27:24.798Z - success: huawei-runtime loaded
2019-01-31T02:27:24.800Z - success: jsb-adapter loaded
2019-01-31T02:27:24.802Z - success: oppo-runtime loaded
2019-01-31T02:27:24.805Z - success: package-manager loaded
2019-01-31T02:27:24.901Z - success: qqplay-adapter loaded
2019-01-31T02:27:24.902Z - success: runtime-dev-tools loaded
2019-01-31T02:27:24.904Z - success: sdkbox loaded
2019-01-31T02:27:24.906Z - success: tester loaded
2019-01-31T02:27:24.908Z - success: ui-grid loaded
2019-01-31T02:27:24.910Z - success: ui-kit-preview-extra loaded
2019-01-31T02:27:24.911Z - success: ui-kit-preview loaded
2019-01-31T02:27:24.912Z - success: ui-tree loaded
2019-01-31T02:27:24.915Z - success: vivo-runtime loaded
2019-01-31T02:27:24.916Z - success: weapp-adapter loaded
2019-01-31T02:27:26.475Z - info: Cocos Services load base data!
2019-01-31T02:27:26.594Z - normal: Loading packages
2019-01-31T02:27:26.599Z - normal: Watching packages
2019-01-31T02:27:26.918Z - normal: Run Application
